e:\git repos\opengl-practice\dexterity\bin\intermediates\win32\debug\vc142.pdb
e:\git repos\opengl-practice\dexterity\bin\intermediates\win32\debug\vc142.idb
e:\git repos\opengl-practice\dexterity\bin\intermediates\win32\debug\vertexbuffer.obj
e:\git repos\opengl-practice\dexterity\bin\intermediates\win32\debug\vertexarray.obj
e:\git repos\opengl-practice\dexterity\bin\intermediates\win32\debug\stb_image.obj
e:\git repos\opengl-practice\dexterity\bin\intermediates\win32\debug\imgui_widgets.obj
e:\git repos\opengl-practice\dexterity\bin\intermediates\win32\debug\imgui_impl_opengl3.obj
e:\git repos\opengl-practice\dexterity\bin\intermediates\win32\debug\imgui_impl_glfw.obj
e:\git repos\opengl-practice\dexterity\bin\intermediates\win32\debug\imgui_draw.obj
e:\git repos\opengl-practice\dexterity\bin\intermediates\win32\debug\imgui_demo.obj
e:\git repos\opengl-practice\dexterity\bin\intermediates\win32\debug\imgui.obj
e:\git repos\opengl-practice\dexterity\bin\intermediates\win32\debug\glm.obj
e:\git repos\opengl-practice\dexterity\bin\intermediates\win32\debug\texture.obj
e:\git repos\opengl-practice\dexterity\bin\intermediates\win32\debug\shader.obj
e:\git repos\opengl-practice\dexterity\bin\intermediates\win32\debug\renderer.obj
e:\git repos\opengl-practice\dexterity\bin\intermediates\win32\debug\indexbuffer.obj
e:\git repos\opengl-practice\dexterity\bin\intermediates\win32\debug\application.obj
e:\git repos\opengl-practice\dexterity\bin\win32\debug\dexterity.exe
e:\git repos\opengl-practice\dexterity\bin\win32\debug\dexterity.ilk
e:\git repos\opengl-practice\dexterity\bin\win32\debug\dexterity.pdb
e:\git repos\opengl-practice\dexterity\bin\intermediates\win32\debug\dexterity.tlog\cl.command.1.tlog
e:\git repos\opengl-practice\dexterity\bin\intermediates\win32\debug\dexterity.tlog\cl.read.1.tlog
e:\git repos\opengl-practice\dexterity\bin\intermediates\win32\debug\dexterity.tlog\cl.write.1.tlog
e:\git repos\opengl-practice\dexterity\bin\intermediates\win32\debug\dexterity.tlog\link.command.1.tlog
e:\git repos\opengl-practice\dexterity\bin\intermediates\win32\debug\dexterity.tlog\link.read.1.tlog
e:\git repos\opengl-practice\dexterity\bin\intermediates\win32\debug\dexterity.tlog\link.write.1.tlog
